0 info it worked if it ends with ok
1 verbose cli [ '/Users/liyixin/.nvm/versions/node/v10.4.0/bin/node',
1 verbose cli   '/Users/liyixin/.nvm/versions/node/v10.4.0/lib/node_modules/@jd/jnpm/node_modules/.bin/npm',
1 verbose cli   '--userconfig=/Users/liyixin/.jnpmrc',
1 verbose cli   '--disturl=https://npm.taobao.org/mirrors/node',
1 verbose cli   '--registry=http://registry.m.jd.com',
1 verbose cli   'publish' ]
2 info using npm@3.10.10
3 info using node@v10.4.0
4 warn invalid config loglevel="notice"
5 verbose publish [ '.' ]
6 silly cache add args [ '.', null ]
7 verbose cache add spec .
8 silly cache add parsed spec Result {
8 silly cache add   raw: '.',
8 silly cache add   scope: null,
8 silly cache add   escapedName: null,
8 silly cache add   name: null,
8 silly cache add   rawSpec: '.',
8 silly cache add   spec: '/Users/liyixin/Work/git/o2team-ambient/particles_emission',
8 silly cache add   type: 'directory' }
9 verbose addLocalDirectory /Users/liyixin/.npm/@o2team/ambient-particles_emission/1.0.1/package.tgz not in flight; packing
10 verbose correctMkdir /Users/liyixin/.npm correctMkdir not in flight; initializing
11 info lifecycle @o2team/ambient-particles_emission@1.0.1~prepublish: @o2team/ambient-particles_emission@1.0.1
12 silly lifecycle @o2team/ambient-particles_emission@1.0.1~prepublish: no script for prepublish, continuing
13 verbose tar pack [ '/Users/liyixin/.npm/@o2team/ambient-particles_emission/1.0.1/package.tgz',
13 verbose tar pack   '/Users/liyixin/Work/git/o2team-ambient/particles_emission' ]
14 verbose tarball /Users/liyixin/.npm/@o2team/ambient-particles_emission/1.0.1/package.tgz
15 verbose folder /Users/liyixin/Work/git/o2team-ambient/particles_emission
16 verbose addLocalTarball adding from inside cache /Users/liyixin/.npm/@o2team/ambient-particles_emission/1.0.1/package.tgz
17 verbose correctMkdir /Users/liyixin/.npm correctMkdir not in flight; initializing
18 silly cache afterAdd @o2team/ambient-particles_emission@1.0.1
19 verbose afterAdd /Users/liyixin/.npm/@o2team/ambient-particles_emission/1.0.1/package/package.json not in flight; writing
20 verbose correctMkdir /Users/liyixin/.npm correctMkdir not in flight; initializing
21 verbose afterAdd /Users/liyixin/.npm/@o2team/ambient-particles_emission/1.0.1/package/package.json written
22 silly publish { name: '@o2team/ambient-particles_emission',
22 silly publish   version: '1.0.1',
22 silly publish   description: '夸克动效库-粒子呼吸',
22 silly publish   main: 'dist/index.min.js',
22 silly publish   scripts:
22 silly publish    { start: 'am s',
22 silly publish      test: 'echo "Error: no test specified" && exit 1',
22 silly publish      release: 'rollup -c && jnpm publish' },
22 silly publish   author: { name: 'liangwei' },
22 silly publish   license: 'ISC',
22 silly publish   dependencies: { '@o2team/ambient-dat.gui': '^0.7.9', p5: '^0.6.1' },
22 silly publish   devDependencies:
22 silly publish    { '@babel/core': '^7.4.3',
22 silly publish      '@babel/preset-env': '^7.4.3',
22 silly publish      '@babel/runtime': '^7.4.3',
22 silly publish      'babel-plugin-transform-runtime': '^6.23.0',
22 silly publish      'json-loader': '^0.5.7',
22 silly publish      rollup: '^1.8.0',
22 silly publish      'rollup-plugin-babel': '^4.3.2',
22 silly publish      'rollup-plugin-commonjs': '^9.3.1',
22 silly publish      'rollup-plugin-json': '^4.0.0',
22 silly publish      'rollup-plugin-node-resolve': '^4.0.1',
22 silly publish      'rollup-plugin-sass': '^1.2.2',
22 silly publish      'rollup-plugin-style': '^0.1.0',
22 silly publish      'rollup-plugin-uglify': '^6.0.2' },
22 silly publish   readme:
22 silly publish    '## 项目结构\n\n```\n├── config\t\t\t\t\t- 编译配置\n│   ├── base.conf.js\n│   └── custom.conf.js\n├── info.json\t\t\t\t- 挂件信息\n└── src\n    ├── css\n    │   ├── base.scss\n    │   └── package.scss\n    ├── index.html\n    ├── index.js            - 主入口文件\n    ├── config.js \t\t    - 控制板参数配置文件（单独打包）\n    ├── control.js\t\t    - 控制板入口文件（单独打包）\n    └── js\n        ├── ambient.js\n        ├── controlinit.js  - 控制板自定义代码\n        └── utils\n            ├── const.js\n            ├── raf.js\n            └── util.js\n```\n\n',
22 silly publish   readmeFilename: 'README.md',
22 silly publish   gitHead: 'c6282e1b65c6f365db1015bc48873b35a54fc51a',
22 silly publish   _id: '@o2team/ambient-particles_emission@1.0.1',
22 silly publish   _shasum: 'f6224a3893a8cfcf52bf03b468aef11fa026b1d1',
22 silly publish   _from: '.' }
23 verbose getPublishConfig undefined
24 silly mapToRegistry name @o2team/ambient-particles_emission
25 silly mapToRegistry scope (from package name) @o2team
26 verbose mapToRegistry no registry URL found in name for scope @o2team
27 silly mapToRegistry using default registry
28 silly mapToRegistry registry http://registry.m.jd.com/
29 silly mapToRegistry data Result {
29 silly mapToRegistry   raw: '@o2team/ambient-particles_emission',
29 silly mapToRegistry   scope: '@o2team',
29 silly mapToRegistry   escapedName: '@o2team%2fambient-particles_emission',
29 silly mapToRegistry   name: '@o2team/ambient-particles_emission',
29 silly mapToRegistry   rawSpec: '',
29 silly mapToRegistry   spec: 'latest',
29 silly mapToRegistry   type: 'tag' }
30 silly mapToRegistry uri http://registry.m.jd.com/@o2team%2fambient-particles_emission
31 verbose publish registryBase http://registry.m.jd.com/
32 silly publish uploading /Users/liyixin/.npm/@o2team/ambient-particles_emission/1.0.1/package.tgz
33 verbose stack Error: auth required for publishing
33 verbose stack     at CachingRegistryClient.publish (/Users/liyixin/.nvm/versions/node/v10.4.0/lib/node_modules/@jd/jnpm/node_modules/npm/node_modules/npm-registry-client/lib/publish.js:30:14)
33 verbose stack     at /Users/liyixin/.nvm/versions/node/v10.4.0/lib/node_modules/@jd/jnpm/node_modules/npm/lib/publish.js:138:14
33 verbose stack     at mapToRegistry (/Users/liyixin/.nvm/versions/node/v10.4.0/lib/node_modules/@jd/jnpm/node_modules/npm/lib/utils/map-to-registry.js:62:3)
33 verbose stack     at publish_ (/Users/liyixin/.nvm/versions/node/v10.4.0/lib/node_modules/@jd/jnpm/node_modules/npm/lib/publish.js:107:3)
33 verbose stack     at Array.<anonymous> (/Users/liyixin/.nvm/versions/node/v10.4.0/lib/node_modules/@jd/jnpm/node_modules/npm/node_modules/slide/lib/bind-actor.js:15:8)
33 verbose stack     at LOOP (/Users/liyixin/.nvm/versions/node/v10.4.0/lib/node_modules/@jd/jnpm/node_modules/npm/node_modules/slide/lib/chain.js:15:14)
33 verbose stack     at LOOP (/Users/liyixin/.nvm/versions/node/v10.4.0/lib/node_modules/@jd/jnpm/node_modules/npm/node_modules/slide/lib/chain.js:14:28)
33 verbose stack     at chain (/Users/liyixin/.nvm/versions/node/v10.4.0/lib/node_modules/@jd/jnpm/node_modules/npm/node_modules/slide/lib/chain.js:20:5)
33 verbose stack     at /Users/liyixin/.nvm/versions/node/v10.4.0/lib/node_modules/@jd/jnpm/node_modules/npm/lib/publish.js:73:5
33 verbose stack     at RES (/Users/liyixin/.nvm/versions/node/v10.4.0/lib/node_modules/@jd/jnpm/node_modules/npm/node_modules/inflight/inflight.js:23:14)
34 verbose cwd /Users/liyixin/Work/git/o2team-ambient/particles_emission
35 error Darwin 17.7.0
36 error argv "/Users/liyixin/.nvm/versions/node/v10.4.0/bin/node" "/Users/liyixin/.nvm/versions/node/v10.4.0/lib/node_modules/@jd/jnpm/node_modules/.bin/npm" "--userconfig=/Users/liyixin/.jnpmrc" "--disturl=https://npm.taobao.org/mirrors/node" "--registry=http://registry.m.jd.com" "publish"
37 error node v10.4.0
38 error npm  v3.10.10
39 error code ENEEDAUTH
40 error need auth auth required for publishing
41 error need auth You need to authorize this machine using `npm adduser`
42 verbose exit [ 1, true ]
